Determining if the pthread_create exist failed with the following output:
Change Dir: /home/joaorpsgomes/Desktop/ros_workspace/src/rtabmap_ros-master/build/CMakeFiles/CMakeTmp

Run Build Command:"/usr/bin/make" "cmTC_dde04/fast"
make[1]: Entering directory '/home/joaorpsgomes/Desktop/ros_workspace/src/rtabmap_ros-master/build/CMakeFiles/CMakeTmp'
/usr/bin/make -f CMakeFiles/cmTC_dde04.dir/build.make CMakeFiles/cmTC_dde04.dir/build
make[2]: Entering directory '/home/joaorpsgomes/Desktop/ros_workspace/src/rtabmap_ros-master/build/CMakeFiles/CMakeTmp'
Building C object CMakeFiles/cmTC_dde04.dir/CheckSymbolExists.c.o
/usr/bin/cc    -o CMakeFiles/cmTC_dde04.dir/CheckSymbolExists.c.o   -c /home/joaorpsgomes/Desktop/ros_workspace/src/rtabmap_ros-master/build/CMakeFiles/CMakeTmp/CheckSymbolExists.c
Linking C executable cmTC_dde04
/usr/bin/cmake -E cmake_link_script CMakeFiles/cmTC_dde04.dir/link.txt --verbose=1
/usr/bin/cc      -rdynamic CMakeFiles/cmTC_dde04.dir/CheckSymbolExists.c.o  -o cmTC_dde04 
CMakeFiles/cmTC_dde04.dir/CheckSymbolExists.c.o: In function `main':
CheckSymbolExists.c:(.text+0x1b): undefined reference to `pthread_create'
collect2: error: ld returned 1 exit status
CMakeFiles/cmTC_dde04.dir/build.make:86: recipe for target 'cmTC_dde04' failed
make[2]: *** [cmTC_dde04] Error 1
make[2]: Leaving directory '/home/joaorpsgomes/Desktop/ros_workspace/src/rtabmap_ros-master/build/CMakeFiles/CMakeTmp'
Makefile:121: recipe for target 'cmTC_dde04/fast' failed
make[1]: *** [cmTC_dde04/fast] Error 2
make[1]: Leaving directory '/home/joaorpsgomes/Desktop/ros_workspace/src/rtabmap_ros-master/build/CMakeFiles/CMakeTmp'

File /home/joaorpsgomes/Desktop/ros_workspace/src/rtabmap_ros-master/build/CMakeFiles/CMakeTmp/CheckSymbolExists.c:
/* */
#include <pthread.h>

int main(int argc, char** argv)
{
  (void)argv;
#ifndef pthread_create
  return ((int*)(&pthread_create))[argc];
#else
  (void)argc;
  return 0;
#endif
}

Determining if the function pthread_create exists in the pthreads failed with the following output:
Change Dir: /home/joaorpsgomes/Desktop/ros_workspace/src/rtabmap_ros-master/build/CMakeFiles/CMakeTmp

Run Build Command:"/usr/bin/make" "cmTC_49807/fast"
make[1]: Entering directory '/home/joaorpsgomes/Desktop/ros_workspace/src/rtabmap_ros-master/build/CMakeFiles/CMakeTmp'
/usr/bin/make -f CMakeFiles/cmTC_49807.dir/build.make CMakeFiles/cmTC_49807.dir/build
make[2]: Entering directory '/home/joaorpsgomes/Desktop/ros_workspace/src/rtabmap_ros-master/build/CMakeFiles/CMakeTmp'
Building C object CMakeFiles/cmTC_49807.dir/CheckFunctionExists.c.o
/usr/bin/cc   -DCHECK_FUNCTION_EXISTS=pthread_create   -o CMakeFiles/cmTC_49807.dir/CheckFunctionExists.c.o   -c /usr/share/cmake-3.13/Modules/CheckFunctionExists.c
Linking C executable cmTC_49807
/usr/bin/cmake -E cmake_link_script CMakeFiles/cmTC_49807.dir/link.txt --verbose=1
/usr/bin/cc  -DCHECK_FUNCTION_EXISTS=pthread_create    -rdynamic CMakeFiles/cmTC_49807.dir/CheckFunctionExists.c.o  -o cmTC_49807 -lpthreads 
/usr/bin/ld: cannot find -lpthreads
collect2: error: ld returned 1 exit status
CMakeFiles/cmTC_49807.dir/build.make:86: recipe for target 'cmTC_49807' failed
make[2]: *** [cmTC_49807] Error 1
make[2]: Leaving directory '/home/joaorpsgomes/Desktop/ros_workspace/src/rtabmap_ros-master/build/CMakeFiles/CMakeTmp'
Makefile:121: recipe for target 'cmTC_49807/fast' failed
make[1]: *** [cmTC_49807/fast] Error 2
make[1]: Leaving directory '/home/joaorpsgomes/Desktop/ros_workspace/src/rtabmap_ros-master/build/CMakeFiles/CMakeTmp'


